<?xml version="1.0" encoding="UTF-8"?>
<testsuite xmlns:xsi="http://www.w3.org/2001/XMLSchema-instance" xsi:noNamespaceSchemaLocation="https://maven.apache.org/surefire/maven-surefire-plugin/xsd/surefire-test-report-3.0.xsd" version="3.0" name="TestSuite" time="42.616" tests="1" errors="0" skipped="0" failures="1">
  <properties>
[...]
</properties>
  <testcase name="verifyAndSearchTheCheapestFlightForTravel" classname="com.almosafer.automation.TC_E2E_SearchTheCheapestFlightForTravel" time="25.057">
    <failure message="An element could not be located on the page using the given search parameters.&#10;For documentation on this error, please visit: https://www.seleniumhq.org/exceptions/no_such_element.html&#10;Build info: version: &apos;3.141.59&apos;, revision: &apos;e82be7d358&apos;, time: &apos;2018-11-14T08:17:03&apos;&#10;System info: host: &apos;Nandhinis-MBP&apos;, ip: &apos;fe80:0:0:0:1484:5efa:5dca:cc81%en0&apos;, os.name: &apos;Mac OS X&apos;, os.arch: &apos;x86_64&apos;, os.version: &apos;10.16&apos;, java.version: &apos;1.8.0_301&apos;&#10;Driver info: io.appium.java_client.android.AndroidDriver&#10;Capabilities {app: /Users/nandhini/Documents/S..., appActivity: com.travel.common.presentat..., appPackage: com.travel.almosafer, databaseEnabled: false, desired: {app: /Users/nandhini/Documents/S..., appActivity: com.travel.common.presentat..., appPackage: com.travel.almosafer, deviceName: Pixel 6, platformName: android, udid: 24201FDF60003D}, deviceApiLevel: 32, deviceManufacturer: Google, deviceModel: Pixel 6, deviceName: 24201FDF60003D, deviceScreenDensity: 420, deviceScreenSize: 1080x2400, deviceUDID: 24201FDF60003D, javascriptEnabled: true, locationContextEnabled: false, networkConnectionEnabled: true, pixelRatio: 2.625, platform: LINUX, platformName: Android, platformVersion: 12, statBarHeight: 124, takesScreenshot: true, udid: 24201FDF60003D, viewportRect: {height: 2116, left: 0, top: 124, width: 1080}, warnings: {}, webStorageEnabled: false}&#10;Session ID: 77346171-0215-4b25-83c3-02fc9375d16f&#10;*** Element info: {Using=xpath, value=//android.widget.TextView[@resource-id=&apos;com.travel.almosafer:id/tvAirportCode&apos; and @text =&apos;KHI&apos;]}" type="org.openqa.selenium.NoSuchElementException"><![CDATA[org.openqa.selenium.NoSuchElementException: 
An element could not be located on the page using the given search parameters.
For documentation on this error, please visit: https://www.seleniumhq.org/exceptions/no_such_element.html
Build info: version: '3.141.59', revision: 'e82be7d358', time: '2018-11-14T08:17:03'
System info: host: 'Nandhinis-MBP', ip: 'fe80:0:0:0:1484:5efa:5dca:cc81%en0', os.name: 'Mac OS X', os.arch: 'x86_64', os.version: '10.16', java.version: '1.8.0_301'
Driver info: io.appium.java_client.android.AndroidDriver
Capabilities {app: /Users/nandhini/Documents/S..., appActivity: com.travel.common.presentat..., appPackage: com.travel.almosafer, databaseEnabled: false, desired: {app: /Users/nandhini/Documents/S..., appActivity: com.travel.common.presentat..., appPackage: com.travel.almosafer, deviceName: Pixel 6, platformName: android, udid: 24201FDF60003D}, deviceApiLevel: 32, deviceManufacturer: Google, deviceModel: Pixel 6, deviceName: 24201FDF60003D, deviceScreenDensity: 420, deviceScreenSize: 1080x2400, deviceUDID: 24201FDF60003D, javascriptEnabled: true, locationContextEnabled: false, networkConnectionEnabled: true, pixelRatio: 2.625, platform: LINUX, platformName: Android, platformVersion: 12, statBarHeight: 124, takesScreenshot: true, udid: 24201FDF60003D, viewportRect: {height: 2116, left: 0, top: 124, width: 1080}, warnings: {}, webStorageEnabled: false}
Session ID: 77346171-0215-4b25-83c3-02fc9375d16f
*** Element info: {Using=xpath, value=//android.widget.TextView[@resource-id='com.travel.almosafer:id/tvAirportCode' and @text ='KHI']}
	at com.almosafer.automation.TC_E2E_SearchTheCheapestFlightForTravel.verifyAndSearchTheCheapestFlightForTravel(TC_E2E_SearchTheCheapestFlightForTravel.java:54)
]]></failure>
    <system-out><![CDATA[&amp#27;[35m[Appium]&amp#27;[39m Welcome to Appium v1.22.3
&amp#27;[35m[Appium]&amp#27;[39m Appium REST http interface listener started on 0.0.0.0:4723
&amp#27;[35m[HTTP]&amp#27;[39m &amp#27;[37m-->&amp#27;[39m &amp#27;[37mGET&amp#27;[39m &amp#27;[37m/wd/hub/status&amp#27;[39m
&amp#27;[35m[HTTP]&amp#27;[39m &amp#27;[90m{}&amp#27;[39m
[debug] &amp#27;[35m[GENERIC]&amp#27;[39m Calling AppiumDriver.getStatus() with args: []
[debug] &amp#27;[35m[GENERIC]&amp#27;[39m Responding to client with driver.getStatus() result: {"build":{"version":"1.22.3"}}
&amp#27;[35m[HTTP]&amp#27;[39m &amp#27;[37m<-- GET /wd/hub/status &amp#27;[39m&amp#27;[Server started
32
************** Starting Test: verifyAndSearchTheCheapestFlightForTravel *****************

]]></system-out>
    <system-err><![CDATA[SLF4J: Failed to load class "org.slf4j.impl.StaticLoggerBinder".
SLF4J: Defaulting to no-operation (NOP) logger implementation
SLF4J: See http://www.slf4j.org/codes.html#StaticLoggerBinder for further details.
Sep 07, 2022 10:27:19 AM io.appium.java_client.remote.AppiumCommandExecutor$1 lambda$0
INFO: Detected dialect: W3C
Sep 07, 2022 10:27:20 AM com.almosafer.automation.TC_E2E_SearchTheCheapestFlightForTravel verifyAndSearchTheCheapestFlightForTravel
INFO: Scenario 1: Select Language and Country
Sep 07, 2022 10:27:21 AM com.almosafer.automation.base.BaseCommonActions getText
INFO: Select language : English
Sep 07, 2022 10:27:21 AM com.almosafer.automation.base.BaseCommonActions getText
INFO: Title validation : Welcome traveller!
Sep 07, 2022 10:27:22 AM com.almosafer.automation.base.BaseCommonActions getText
INFO: Get country name : United Arab Emirates
Sep 07, 2022 10:27:22 AM com.almosafer.automation.base.BaseCommonActions click
INFO: Click on United Arab Emirates from list of countries
Sep 07, 2022 10:27:23 AM com.almosafer.automation.base.BaseCommonActions click
INFO: Click on Continue button
Sep 07, 2022 10:27:23 AM com.almosafer.automation.TC_E2E_SearchTheCheapestFlightForTravel verifyAndSearchTheCheapestFlightForTravel
INFO: Scenario 2: Navigate to flights-home screen
Sep 07, 2022 10:27:27 AM com.almosafer.automation.base.BaseCommonActions click
INFO: Closing the popup
Sep 07, 2022 10:27:32 AM com.almosafer.automation.base.BaseCommonActions getText
INFO: Title validation : Let’s book your next trip
Sep 07, 2022 10:27:32 AM com.almosafer.automation.base.BaseCommonActions getText
INFO: Choose the travel option : Flights
Sep 07, 2022 10:27:32 AM com.almosafer.automation.base.BaseCommonActions click
INFO: Click on Flights in home screen
Sep 07, 2022 10:27:32 AM com.almosafer.automation.TC_E2E_SearchTheCheapestFlightForTravel verifyAndSearchTheCheapestFlightForTravel
INFO: Scenario 3: Enter From and To Airport code along with mandatory validations
Sep 07, 2022 10:27:34 AM com.almosafer.automation.base.BaseCommonActions getText
INFO: Title validation : Search flights
Sep 07, 2022 10:27:34 AM com.almosafer.automation.base.BaseCommonActions getText
INFO: Trip option  : Round-trip
Sep 07, 2022 10:27:34 AM com.almosafer.automation.base.BaseCommonActions click
INFO: Click on Origin field
Sep 07, 2022 10:27:35 AM com.almosafer.automation.base.BaseCommonActions getText
INFO: Title validation : Search Origin
Sep 07, 2022 10:27:35 AM com.almosafer.automation.base.BaseCommonActions clear
INFO: Clear the entered text
Sep 07, 2022 10:27:37 AM com.almosafer.automation.base.BaseCommonActions sendKeys
INFO: Enter Airport Code : RUH
Sep 07, 2022 10:27:40 AM com.almosafer.automation.base.BaseCommonActions getText
INFO: Text of Origin Airport Code in the shown list : RUH
Sep 07, 2022 10:27:40 AM com.almosafer.automation.base.BaseCommonActions getText
INFO: Selected Origin Airport Location name  : King Khaled International Airport
Sep 07, 2022 10:27:40 AM com.almosafer.automation.base.BaseCommonActions click
INFO: Selected the Origin Airport Code
Sep 07, 2022 10:27:41 AM com.almosafer.automation.base.BaseCommonActions getText
INFO: Title validation : Search Destination
Sep 07, 2022 10:27:41 AM com.almosafer.automation.base.BaseCommonActions clear
INFO: Clear the entered text
Sep 07, 2022 10:27:42 AM com.almosafer.automation.base.BaseCommonActions sendKeys
INFO: Enter Airport Code : KHI
]]></system-err>
  </testcase>
</testsuite>