<?xml version="1.0" encoding="UTF-8"?>
<testng-results skipped="0" failed="1" ignored="0" total="1" passed="0">
  <reporter-output>
  </reporter-output>
  <suite name="All Test Suite" duration-ms="35910" started-at="2022-09-07T10:27:10 GST" finished-at="2022-09-07T10:27:46 GST">
    <groups>
    </groups>
    <test name="Almosafer_Native_App_Automation" duration-ms="35910" started-at="2022-09-07T10:27:10 GST" finished-at="2022-09-07T10:27:46 GST">
      <class name="com.almosafer.automation.TC_E2E_SearchTheCheapestFlightForTravel">
        <test-method status="PASS" signature="beforeSuite()[pri:0, instance:com.almosafer.automation.TC_E2E_SearchTheCheapestFlightForTravel@69a3d1d]" name="beforeSuite" is-config="true" duration-ms="1130" started-at="2022-09-07T10:27:08 GST" finished-at="2022-09-07T10:27:10 GST">
          <reporter-output>
          </reporter-output>
        </test-method> <!-- beforeSuite -->
        <test-method status="PASS" signature="beforeTest()[pri:0, instance:com.almosafer.automation.TC_E2E_SearchTheCheapestFlightForTravel@69a3d1d]" name="beforeTest" is-config="true" duration-ms="9243" started-at="2022-09-07T10:27:10 GST" finished-at="2022-09-07T10:27:19 GST">
          <reporter-output>
          </reporter-output>
        </test-method> <!-- beforeTest -->
        <test-method status="PASS" signature="beforeMethod(java.lang.reflect.Method)[pri:0, instance:com.almosafer.automation.TC_E2E_SearchTheCheapestFlightForTravel@69a3d1d]" name="beforeMethod" is-config="true" duration-ms="1261" started-at="2022-09-07T10:27:19 GST" finished-at="2022-09-07T10:27:20 GST">
          <params>
            <param index="0">
              <value>
                <![CDATA[public void com.almosafer.automation.TC_E2E_SearchTheCheapestFlightForTravel.verifyAndSearchTheCheapestFlightForTravel()]]>
              </value>
            </param>
          </params>
          <reporter-output>
          </reporter-output>
        </test-method> <!-- beforeMethod -->
        <test-method status="FAIL" signature="verifyAndSearchTheCheapestFlightForTravel()[pri:0, instance:com.almosafer.automation.TC_E2E_SearchTheCheapestFlightForTravel@69a3d1d]" name="verifyAndSearchTheCheapestFlightForTravel" duration-ms="24743" started-at="2022-09-07T10:27:20 GST" description="Almosafer Native app: Validation for the whole process of a traveler/airline interaction." finished-at="2022-09-07T10:27:45 GST">
          <exception class="org.openqa.selenium.NoSuchElementException">
            <message>
              <![CDATA[An element could not be located on the page using the given search parameters.
For documentation on this error, please visit: https://www.seleniumhq.org/exceptions/no_such_element.html
Build info: version: '3.141.59', revision: 'e82be7d358', time: '2018-11-14T08:17:03'
System info: host: 'Nandhinis-MBP', ip: 'fe80:0:0:0:1484:5efa:5dca:cc81%en0', os.name: 'Mac OS X', os.arch: 'x86_64', os.version: '10.16', java.version: '1.8.0_301'
Driver info: io.appium.java_client.android.AndroidDriver
Capabilities {app: /Users/nandhini/Documents/S..., appActivity: com.travel.common.presentat..., appPackage: com.travel.almosafer, databaseEnabled: false, desired: {app: /Users/nandhini/Documents/S..., appActivity: com.travel.common.presentat..., appPackage: com.travel.almosafer, deviceName: Pixel 6, platformName: android, udid: 24201FDF60003D}, deviceApiLevel: 32, deviceManufacturer: Google, deviceModel: Pixel 6, deviceName: 24201FDF60003D, deviceScreenDensity: 420, deviceScreenSize: 1080x2400, deviceUDID: 24201FDF60003D, javascriptEnabled: true, locationContextEnabled: false, networkConnectionEnabled: true, pixelRatio: 2.625, platform: LINUX, platformName: Android, platformVersion: 12, statBarHeight: 124, takesScreenshot: true, udid: 24201FDF60003D, viewportRect: {height: 2116, left: 0, top: 124, width: 1080}, warnings: {}, webStorageEnabled: false}
Session ID: 77346171-0215-4b25-83c3-02fc9375d16f
*** Element info: {Using=xpath, value=//android.widget.TextView[@resource-id='com.travel.almosafer:id/tvAirportCode' and @text ='KHI']}]]>
            </message>
            <full-stacktrace>
              <![CDATA[org.openqa.selenium.NoSuchElementException: An element could not be located on the page using the given search parameters.
For documentation on this error, please visit: https://www.seleniumhq.org/exceptions/no_such_element.html
Build info: version: '3.141.59', revision: 'e82be7d358', time: '2018-11-14T08:17:03'
System info: host: 'Nandhinis-MBP', ip: 'fe80:0:0:0:1484:5efa:5dca:cc81%en0', os.name: 'Mac OS X', os.arch: 'x86_64', os.version: '10.16', java.version: '1.8.0_301'
Driver info: io.appium.java_client.android.AndroidDriver
Capabilities {app: /Users/nandhini/Documents/S..., appActivity: com.travel.common.presentat..., appPackage: com.travel.almosafer, databaseEnabled: false, desired: {app: /Users/nandhini/Documents/S..., appActivity: com.travel.common.presentat..., appPackage: com.travel.almosafer, deviceName: Pixel 6, platformName: android, udid: 24201FDF60003D}, deviceApiLevel: 32, deviceManufacturer: Google, deviceModel: Pixel 6, deviceName: 24201FDF60003D, deviceScreenDensity: 420, deviceScreenSize: 1080x2400, deviceUDID: 24201FDF60003D, javascriptEnabled: true, locationContextEnabled: false, networkConnectionEnabled: true, pixelRatio: 2.625, platform: LINUX, platformName: Android, platformVersion: 12, statBarHeight: 124, takesScreenshot: true, udid: 24201FDF60003D, viewportRect: {height: 2116, left: 0, top: 124, width: 1080}, warnings: {}, webStorageEnabled: false}
Session ID: 77346171-0215-4b25-83c3-02fc9375d16f
*** Element info: {Using=xpath, value=//android.widget.TextView[@resource-id='com.travel.almosafer:id/tvAirportCode' and @text ='KHI']}
at sun.reflect.NativeConstructorAccessorImpl.newInstance0(Native Method)
at sun.reflect.NativeConstructorAccessorImpl.newInstance(NativeConstructorAccessorImpl.java:62)
at sun.reflect.DelegatingConstructorAccessorImpl.newInstance(DelegatingConstructorAccessorImpl.java:45)
at java.lang.reflect.Constructor.newInstance(Constructor.java:423)
at org.openqa.selenium.remote.http.W3CHttpResponseCodec.createException(W3CHttpResponseCodec.java:187)
at org.openqa.selenium.remote.http.W3CHttpResponseCodec.decode(W3CHttpResponseCodec.java:122)
at org.openqa.selenium.remote.http.W3CHttpResponseCodec.decode(W3CHttpResponseCodec.java:49)
at org.openqa.selenium.remote.HttpCommandExecutor.execute(HttpCommandExecutor.java:158)
at io.appium.java_client.remote.AppiumCommandExecutor.execute(AppiumCommandExecutor.java:247)
at org.openqa.selenium.remote.RemoteWebDriver.execute(RemoteWebDriver.java:552)
at io.appium.java_client.DefaultGenericMobileDriver.execute(DefaultGenericMobileDriver.java:41)
at io.appium.java_client.AppiumDriver.execute(AppiumDriver.java:1)
at io.appium.java_client.android.AndroidDriver.execute(AndroidDriver.java:1)
at org.openqa.selenium.remote.RemoteWebDriver.findElement(RemoteWebDriver.java:323)
at io.appium.java_client.DefaultGenericMobileDriver.findElement(DefaultGenericMobileDriver.java:61)
at io.appium.java_client.AppiumDriver.findElement(AppiumDriver.java:1)
at io.appium.java_client.android.AndroidDriver.findElement(AndroidDriver.java:1)
at org.openqa.selenium.remote.RemoteWebDriver.findElementByXPath(RemoteWebDriver.java:428)
at io.appium.java_client.DefaultGenericMobileDriver.findElementByXPath(DefaultGenericMobileDriver.java:151)
at io.appium.java_client.AppiumDriver.findElementByXPath(AppiumDriver.java:1)
at io.appium.java_client.android.AndroidDriver.findElementByXPath(AndroidDriver.java:1)
at org.openqa.selenium.By$ByXPath.findElement(By.java:353)
at org.openqa.selenium.remote.RemoteWebDriver.findElement(RemoteWebDriver.java:315)
at io.appium.java_client.DefaultGenericMobileDriver.findElement(DefaultGenericMobileDriver.java:57)
at io.appium.java_client.AppiumDriver.findElement(AppiumDriver.java:1)
at io.appium.java_client.android.AndroidDriver.findElement(AndroidDriver.java:1)
at com.almosafer.automation.screens.SearchDestinationScreen.verifyAndClickDestinationAirCode(SearchDestinationScreen.java:46)
at com.almosafer.automation.TC_E2E_SearchTheCheapestFlightForTravel.verifyAndSearchTheCheapestFlightForTravel(TC_E2E_SearchTheCheapestFlightForTravel.java:54)
at sun.reflect.NativeMethodAccessorImpl.invoke0(Native Method)
at sun.reflect.NativeMethodAccessorImpl.invoke(NativeMethodAccessorImpl.java:62)
at sun.reflect.DelegatingMethodAccessorImpl.invoke(DelegatingMethodAccessorImpl.java:43)
at java.lang.reflect.Method.invoke(Method.java:498)
at org.testng.internal.invokers.MethodInvocationHelper.invokeMethod(MethodInvocationHelper.java:135)
at org.testng.internal.invokers.TestInvoker.invokeMethod(TestInvoker.java:673)
at org.testng.internal.invokers.TestInvoker.invokeTestMethod(TestInvoker.java:220)
at org.testng.internal.invokers.MethodRunner.runInSequence(MethodRunner.java:50)
at org.testng.internal.invokers.TestInvoker$MethodInvocationAgent.invoke(TestInvoker.java:945)
at org.testng.internal.invokers.TestInvoker.invokeTestMethods(TestInvoker.java:193)
at org.testng.internal.invokers.TestMethodWorker.invokeTestMethods(TestMethodWorker.java:146)
at org.testng.internal.invokers.TestMethodWorker.run(TestMethodWorker.java:128)
at java.util.ArrayList.forEach(ArrayList.java:1259)
at org.testng.TestRunner.privateRun(TestRunner.java:808)
at org.testng.TestRunner.run(TestRunner.java:603)
at org.testng.SuiteRunner.runTest(SuiteRunner.java:429)
at org.testng.SuiteRunner.runSequentially(SuiteRunner.java:423)
at org.testng.SuiteRunner.privateRun(SuiteRunner.java:383)
at org.testng.SuiteRunner.run(SuiteRunner.java:326)
at org.testng.SuiteRunnerWorker.runSuite(SuiteRunnerWorker.java:52)
at org.testng.SuiteRunnerWorker.run(SuiteRunnerWorker.java:95)
at org.testng.TestNG.runSuitesSequentially(TestNG.java:1249)
at org.testng.TestNG.runSuitesLocally(TestNG.java:1169)
at org.testng.TestNG.runSuites(TestNG.java:1092)
at org.testng.TestNG.run(TestNG.java:1060)
at org.apache.maven.surefire.testng.TestNGExecutor.run(TestNGExecutor.java:284)
at org.apache.maven.surefire.testng.TestNGXmlTestSuite.execute(TestNGXmlTestSuite.java:75)
at org.apache.maven.surefire.testng.TestNGProvider.invoke(TestNGProvider.java:119)
at org.apache.maven.surefire.booter.ForkedBooter.runSuitesInProcess(ForkedBooter.java:428)
at org.apache.maven.surefire.booter.ForkedBooter.execute(ForkedBooter.java:162)
at org.apache.maven.surefire.booter.ForkedBooter.run(ForkedBooter.java:562)
at org.apache.maven.surefire.booter.ForkedBooter.main(ForkedBooter.java:548)
]]>
            </full-stacktrace>
          </exception> <!-- org.openqa.selenium.NoSuchElementException -->
          <reporter-output>
          </reporter-output>
        </test-method> <!-- verifyAndSearchTheCheapestFlightForTravel -->
        <test-method status="PASS" signature="afterMethod()[pri:0, instance:com.almosafer.automation.TC_E2E_SearchTheCheapestFlightForTravel@69a3d1d]" name="afterMethod" is-config="true" duration-ms="93" started-at="2022-09-07T10:27:45 GST" finished-at="2022-09-07T10:27:45 GST">
          <reporter-output>
          </reporter-output>
        </test-method> <!-- afterMethod -->
        <test-method status="PASS" signature="quit()[pri:0, instance:com.almosafer.automation.TC_E2E_SearchTheCheapestFlightForTravel@69a3d1d]" name="quit" is-config="true" duration-ms="225" started-at="2022-09-07T10:27:45 GST" finished-at="2022-09-07T10:27:46 GST">
          <reporter-output>
          </reporter-output>
        </test-method> <!-- quit -->
        <test-method status="PASS" signature="afterSuite()[pri:0, instance:com.almosafer.automation.TC_E2E_SearchTheCheapestFlightForTravel@69a3d1d]" name="afterSuite" is-config="true" duration-ms="4949" started-at="2022-09-07T10:27:46 GST" finished-at="2022-09-07T10:27:51 GST">
          <reporter-output>
          </reporter-output>
        </test-method> <!-- afterSuite -->
      </class> <!-- com.almosafer.automation.TC_E2E_SearchTheCheapestFlightForTravel -->
    </test> <!-- Almosafer_Native_App_Automation -->
  </suite> <!-- All Test Suite -->
</testng-results>
