<?xml version="1.0" encoding="UTF-8"?>
<testsuite xmlns:xsi="http://www.w3.org/2001/XMLSchema-instance" xsi:noNamespaceSchemaLocation="https://maven.apache.org/surefire/maven-surefire-plugin/xsd/surefire-test-report-3.0.xsd" version="3.0" name="TestSuite" time="105.956" tests="1" errors="0" skipped="0" failures="0">
  <properties>
[...]
</properties>
  <testcase name="verifyAndSearchTheCheapestFlightForTravel" classname="com.almosafer.automation.TC_E2E_SearchTheCheapestFlightForTravel" time="85.781">
    <system-out><![CDATA[&amp#27;[35m[Appium]&amp#27;[39m Welcome to Appium v1.22.3
&amp#27;[35m[Appium]&amp#27;[39m Appium REST http interface listener started on 0.0.0.0:4723
&amp#27;[35m[HTTP]&amp#27;[39m &amp#27;[37m-->&amp#27;[39m &amp#27;[37mGET&amp#27;[39m &amp#27;[37m/wd/hub/status&amp#27;[39m
&amp#27;[35m[HTTP]&amp#27;[39m &amp#27;[90m{}&amp#27;[39m
[debug] &amp#27;[35m[GENERIC]&amp#27;[39m Calling AppiumDriver.getStatus() with args: []
[debug] &amp#27;[35m[GENERIC]&amp#27;[39m Responding to client with driver.getStatus() result: {"build":{"version":"1.22.3"}}
&amp#27;[35m[HTTP]&amp#27;[39m &amp#27;[37m<-- GET /wd/hub/status &amp#27;[39Server started
m&amp#27;
************** Starting Test: verifyAndSearchTheCheapestFlightForTravel *****************

]]></system-out>
    <system-err><![CDATA[SLF4J: Failed to load class "org.slf4j.impl.StaticLoggerBinder".
SLF4J: Defaulting to no-operation (NOP) logger implementation
SLF4J: See http://www.slf4j.org/codes.html#StaticLoggerBinder for further details.
Sep 07, 2022 9:38:59 AM io.appium.java_client.remote.AppiumCommandExecutor$1 lambda$0
INFO: Detected dialect: W3C
Sep 07, 2022 9:39:01 AM com.almosafer.automation.TC_E2E_SearchTheCheapestFlightForTravel verifyAndSearchTheCheapestFlightForTravel
INFO: Scenario 1: Select Language and Country
Sep 07, 2022 9:39:02 AM com.almosafer.automation.base.BaseCommonActions getText
INFO: Select language : English
Sep 07, 2022 9:39:02 AM com.almosafer.automation.base.BaseCommonActions getText
INFO: Title validation : Welcome traveller!
Sep 07, 2022 9:39:02 AM com.almosafer.automation.base.BaseCommonActions getText
INFO: Get country name : United Arab Emirates
Sep 07, 2022 9:39:02 AM com.almosafer.automation.base.BaseCommonActions click
INFO: Click on United Arab Emirates from list of countries
Sep 07, 2022 9:39:03 AM com.almosafer.automation.base.BaseCommonActions click
INFO: Click on Continue button
Sep 07, 2022 9:39:03 AM com.almosafer.automation.TC_E2E_SearchTheCheapestFlightForTravel verifyAndSearchTheCheapestFlightForTravel
INFO: Scenario 2: Navigate to flights-home screen
Sep 07, 2022 9:39:09 AM com.almosafer.automation.base.BaseCommonActions click
INFO: Closing the popup
Sep 07, 2022 9:39:15 AM com.almosafer.automation.base.BaseCommonActions getText
INFO: Title validation : Let’s book your next trip
Sep 07, 2022 9:39:15 AM com.almosafer.automation.base.BaseCommonActions getText
INFO: Choose the travel option : Flights
Sep 07, 2022 9:39:15 AM com.almosafer.automation.base.BaseCommonActions click
INFO: Click on Flights in home screen
Sep 07, 2022 9:39:15 AM com.almosafer.automation.TC_E2E_SearchTheCheapestFlightForTravel verifyAndSearchTheCheapestFlightForTravel
INFO: Scenario 3: Enter From and To Airport code along with mandatory validations
Sep 07, 2022 9:39:16 AM com.almosafer.automation.base.BaseCommonActions getText
INFO: Title validation : Search flights
Sep 07, 2022 9:39:17 AM com.almosafer.automation.base.BaseCommonActions getText
INFO: Trip option  : Round-trip
Sep 07, 2022 9:39:17 AM com.almosafer.automation.base.BaseCommonActions click
INFO: Click on Origin field
Sep 07, 2022 9:39:18 AM com.almosafer.automation.base.BaseCommonActions getText
INFO: Title validation : Search Origin
Sep 07, 2022 9:39:19 AM com.almosafer.automation.base.BaseCommonActions clear
INFO: Clear the entered text
Sep 07, 2022 9:39:20 AM com.almosafer.automation.base.BaseCommonActions sendKeys
INFO: Enter Airport Code : DXB
Sep 07, 2022 9:39:23 AM com.almosafer.automation.base.BaseCommonActions getText
INFO: Text of Origin Airport Code in the shown list : DXB
Sep 07, 2022 9:39:23 AM com.almosafer.automation.base.BaseCommonActions getText
INFO: Selected Origin Airport Location name  : Dubai International Airport
Sep 07, 2022 9:39:23 AM com.almosafer.automation.base.BaseCommonActions click
INFO: Selected the Origin Airport Code
Sep 07, 2022 9:39:25 AM com.almosafer.automation.base.BaseCommonActions getText
INFO: Title validation : Search Destination
Sep 07, 2022 9:39:25 AM com.almosafer.automation.base.BaseCommonActions clear
INFO: Clear the entered text
Sep 07, 2022 9:39:26 AM com.almosafer.automation.base.BaseCommonActions sendKeys
INFO: Enter Airport Code : KHI
Sep 07, 2022 9:39:29 AM com.almosafer.automation.base.BaseCommonActions getText
INFO: Text of Origin Airport Code in the shown list : KHI
Sep 07, 2022 9:39:29 AM com.almosafer.automation.base.BaseCommonActions getText
INFO: Departure Airport name  : Jinnah International Airport
Sep 07, 2022 9:39:29 AM com.almosafer.automation.base.BaseCommonActions click
INFO: Selected the Destination Airport Code
Sep 07, 2022 9:39:31 AM com.almosafer.automation.base.BaseCommonActions getText
INFO: Selected Origin Airport Name and Code  : DXB - Dubai International Airport
Sep 07, 2022 9:39:31 AM com.almosafer.automation.base.BaseCommonActions getText
INFO: Selected Departure Airport Name and Code  : KHI - Jinnah International Airport
Sep 07, 2022 9:39:31 AM com.almosafer.automation.TC_E2E_SearchTheCheapestFlightForTravel verifyAndSearchTheCheapestFlightForTravel
INFO: Scenario 4: Select the Departure and Return date along with mandatory validations
Sep 07, 2022 9:39:31 AM com.almosafer.automation.base.BaseCommonActions getText
INFO: Label name : Departure date
Sep 07, 2022 9:39:31 AM com.almosafer.automation.base.BaseCommonActions getText
INFO: Departure date initial value : 08 Sep, 2022
Sep 07, 2022 9:39:32 AM com.almosafer.automation.base.BaseCommonActions getText
INFO: Label name : Return date
Sep 07, 2022 9:39:32 AM com.almosafer.automation.base.BaseCommonActions getText
INFO: Return date initial value : 09 Sep, 2022
Sep 07, 2022 9:39:32 AM com.almosafer.automation.base.BaseCommonActions click
INFO: Click on Departure date
Sep 07, 2022 9:39:33 AM com.almosafer.automation.base.BaseCommonActions getText
INFO: Title validation : Select dates
Sep 07, 2022 9:39:43 AM com.almosafer.automation.base.BaseCommonActions getText
INFO: Validate Return tab text : Select return date
Sep 07, 2022 9:39:48 AM com.almosafer.automation.base.BaseCommonActions getText
INFO: Departure date text : 15 January 2023
Sep 07, 2022 9:39:48 AM com.almosafer.automation.base.BaseCommonActions getText
INFO: Departure Day text : Sunday
Sep 07, 2022 9:39:48 AM com.almosafer.automation.base.BaseCommonActions getText
INFO: Return date text : 20 March 2023
Sep 07, 2022 9:39:48 AM com.almosafer.automation.base.BaseCommonActions getText
INFO: Return Day text : Monday
Sep 07, 2022 9:39:48 AM com.almosafer.automation.base.BaseCommonActions isDisplayed
INFO: Confirm button displayed : true
Sep 07, 2022 9:39:49 AM com.almosafer.automation.base.BaseCommonActions getText
INFO: Trip option text : Round-trip
Sep 07, 2022 9:39:49 AM com.almosafer.automation.base.BaseCommonActions click
INFO: Click on Confirm button
Sep 07, 2022 9:39:50 AM com.almosafer.automation.base.BaseCommonActions getText
INFO: Departure date selected value : 15 Jan, 2023
Sep 07, 2022 9:39:50 AM com.almosafer.automation.base.BaseCommonActions getText
INFO: Return date selected value : 20 Mar, 2023
Sep 07, 2022 9:39:50 AM com.almosafer.automation.TC_E2E_SearchTheCheapestFlightForTravel verifyAndSearchTheCheapestFlightForTravel
INFO: Scenario 5: Add the number of travellers along with mandatory validations
Sep 07, 2022 9:39:50 AM com.almosafer.automation.base.BaseCommonActions getText
INFO: Label validation : Passengers and cabin class
Sep 07, 2022 9:39:51 AM com.almosafer.automation.base.BaseCommonActions getText
INFO: Default traveller : 1 Adult - Economy
Sep 07, 2022 9:39:51 AM com.almosafer.automation.base.BaseCommonActions click
INFO: Click on Passengers and Cabin class option
Sep 07, 2022 9:39:52 AM com.almosafer.automation.base.BaseCommonActions getText
INFO: Passengers and Cabin Class title : Passengers and cabin class
Sep 07, 2022 9:39:52 AM com.almosafer.automation.base.BaseCommonActions getText
INFO: Adults section : Adults
Sep 07, 2022 9:39:52 AM com.almosafer.automation.base.BaseCommonActions getText
INFO: Adults default count : 1
Sep 07, 2022 9:39:52 AM com.almosafer.automation.base.BaseCommonActions getText
INFO: Children section : Children
Sep 07, 2022 9:39:52 AM com.almosafer.automation.base.BaseCommonActions getText
INFO: Children default count : 0
Sep 07, 2022 9:39:52 AM com.almosafer.automation.base.BaseCommonActions click
INFO: Click on Children plus button to increment the count to 1
Sep 07, 2022 9:39:53 AM com.almosafer.automation.base.BaseCommonActions click
INFO: Click on Children plus button to increment the count to 2
Sep 07, 2022 9:39:54 AM com.almosafer.automation.base.BaseCommonActions getText
INFO: Children new count : 2
Sep 07, 2022 9:39:54 AM com.almosafer.automation.base.BaseCommonActions getText
INFO: Infants section : Infants
Sep 07, 2022 9:39:54 AM com.almosafer.automation.base.BaseCommonActions getText
INFO: Infants default count : 0
Sep 07, 2022 9:39:54 AM com.almosafer.automation.base.BaseCommonActions click
INFO: Click on Infants plus button to increment the count to 1
Sep 07, 2022 9:39:55 AM com.almosafer.automation.base.BaseCommonActions getText
INFO: Infants new count : 1
Sep 07, 2022 9:39:55 AM com.almosafer.automation.base.BaseCommonActions getText
INFO: Cabin class selection : Economy
Sep 07, 2022 9:39:55 AM com.almosafer.automation.base.BaseCommonActions click
INFO: Click on Apply Button
Sep 07, 2022 9:39:57 AM com.almosafer.automation.base.BaseCommonActions getText
INFO: Total Traveller and cabin class : 4 Travellers - Economy
Sep 07, 2022 9:39:57 AM com.almosafer.automation.TC_E2E_SearchTheCheapestFlightForTravel verifyAndSearchTheCheapestFlightForTravel
INFO: Scenario 6: Navigate to Flight Details screen and do the mandatory validations
Sep 07, 2022 9:39:57 AM com.almosafer.automation.base.BaseCommonActions click
INFO: Click on Find Flights Button
Sep 07, 2022 9:39:58 AM com.almosafer.automation.base.BaseCommonActions getText
INFO: Flight Detail : DXB
Sep 07, 2022 9:39:58 AM com.almosafer.automation.base.BaseCommonActions getText
INFO: Flight Detail : KHI
Sep 07, 2022 9:39:58 AM com.almosafer.automation.base.BaseCommonActions getText
INFO: Flight Detail : - Round-trip
Sep 07, 2022 9:40:13 AM com.almosafer.automation.base.BaseCommonActions getText
INFO: Subtitle : 4 Travellers - 15 Jan - 20 Mar
Sep 07, 2022 9:40:13 AM com.almosafer.automation.TC_E2E_SearchTheCheapestFlightForTravel verifyAndSearchTheCheapestFlightForTravel
INFO: Scenario 7: Sort the lowest price and compare with first flight fare with starting price
Sep 07, 2022 9:40:13 AM com.almosafer.automation.base.BaseCommonActions isDisplayed
INFO: Is displayed : true
Sep 07, 2022 9:40:14 AM com.almosafer.automation.base.BaseCommonActions getText
INFO: Validate text : Sort by
Sep 07, 2022 9:40:14 AM com.almosafer.automation.base.BaseCommonActions click
INFO: Click on Sort by
Sep 07, 2022 9:40:15 AM com.almosafer.automation.base.BaseCommonActions getText
INFO: Validate the title in bottom layer : Sort by
Sep 07, 2022 9:40:15 AM com.almosafer.automation.base.BaseCommonActions getText
INFO: Validate the option in bottom layer : Lowest price
Sep 07, 2022 9:40:15 AM com.almosafer.automation.base.BaseCommonActions click
INFO: Click on Lowest Price
Sep 07, 2022 9:40:16 AM com.almosafer.automation.base.BaseCommonActions getText
INFO: Validate selected option : Lowest price
Sep 07, 2022 9:40:16 AM com.almosafer.automation.base.BaseCommonActions getText
INFO: Validate label : Cheapest
Sep 07, 2022 9:40:17 AM com.almosafer.automation.base.BaseCommonActions getText
INFO: First flight fare details : AED 2,775
Sep 07, 2022 9:40:19 AM com.almosafer.automation.base.BaseCommonActions getText
INFO: Compare the cheapest flight price with multiple flight price AED 2775 < : AED 2,808
Sep 07, 2022 9:40:22 AM com.almosafer.automation.base.BaseCommonActions getText
INFO: Compare the cheapest flight price with multiple flight price AED 2775 < : AED 3,285
Sep 07, 2022 9:40:25 AM com.almosafer.automation.base.BaseCommonActions getText
INFO: Compare the cheapest flight price with multiple flight price AED 2775 < : AED 3,395
Sep 07, 2022 9:40:25 AM com.almosafer.automation.base.BaseCommonActions getText
INFO: Validate text : Filters
Sep 07, 2022 9:40:25 AM com.almosafer.automation.base.BaseCommonActions click
INFO: Click on Filters
Sep 07, 2022 9:40:26 AM com.almosafer.automation.base.BaseCommonActions getText
INFO: Filters Title : Filters
Sep 07, 2022 9:40:26 AM com.almosafer.automation.base.BaseCommonActions getText
INFO: Validate filter option : Price range
Sep 07, 2022 9:40:26 AM com.almosafer.automation.base.BaseCommonActions getText
INFO: Starting flight fare : AED 2,775.00
]]></system-err>
  </testcase>
</testsuite>